{
  "RSpec": {
    "coverage": {
      "/Users/MacBookPro/Desktop/IngSoftware/grupo-26/app/controllers/application_controller.rb": {
        "lines": [
          null,
          null,
          1,
          1,
          null,
          1,
          34,
          21,
          null,
          21,
          0,
          null,
          null,
          null,
          null
        ]
      },
      "/Users/MacBookPro/Desktop/IngSoftware/grupo-26/app/helpers/turnos_helper.rb": {
        "lines": [
          null,
          null,
          1,
          1,
          2,
          null,
          null,
          1,
          2,
          null,
          null
        ]
      },
      "/Users/MacBookPro/Desktop/IngSoftware/grupo-26/app/models/admin_user.rb": {
        "lines": [
          null,
          null,
          1,
          null,
          null,
          1,
          null,
          null
        ]
      },
      "/Users/MacBookPro/Desktop/IngSoftware/grupo-26/app/models/application_record.rb": {
        "lines": [
          null,
          null,
          1,
          1,
          null
        ]
      },
      "/Users/MacBookPro/Desktop/IngSoftware/grupo-26/app/admin/admin_users.rb": {
        "lines": [
          null,
          null,
          1,
          1,
          null,
          1,
          0,
          0,
          0,
          0,
          0,
          0,
          0,
          null,
          null,
          1,
          1,
          1,
          1,
          null,
          1,
          0,
          0,
          0,
          0,
          null,
          0,
          null,
          null
        ]
      },
      "/Users/MacBookPro/Desktop/IngSoftware/grupo-26/app/admin/dashboard.rb": {
        "lines": [
          null,
          null,
          1,
          1,
          null,
          1,
          0,
          0,
          0,
          null,
          null,
          null,
          null,
          null,
          null,
          null,
          null,
          null,
          null,
          null,
          null,
          null,
          null,
          null,
          null,
          null,
          null,
          null,
          null,
          null,
          null,
          null,
          null,
          null
        ]
      },
      "/Users/MacBookPro/Desktop/IngSoftware/grupo-26/app/admin/messages.rb": {
        "lines": [
          null,
          null,
          1,
          null,
          null,
          null,
          null,
          null,
          1,
          null,
          null,
          null,
          null,
          null,
          null,
          null,
          null,
          null
        ]
      },
      "/Users/MacBookPro/Desktop/IngSoftware/grupo-26/app/models/message.rb": {
        "lines": [
          null,
          null,
          1,
          1,
          null,
          1,
          1,
          null
        ]
      },
      "/Users/MacBookPro/Desktop/IngSoftware/grupo-26/app/admin/requests.rb": {
        "lines": [
          null,
          null,
          1,
          null,
          null,
          null,
          null,
          null,
          1,
          null,
          null,
          null,
          null,
          null,
          null,
          null,
          null,
          null
        ]
      },
      "/Users/MacBookPro/Desktop/IngSoftware/grupo-26/app/models/request.rb": {
        "lines": [
          null,
          null,
          1,
          1,
          null,
          1,
          1,
          null
        ]
      },
      "/Users/MacBookPro/Desktop/IngSoftware/grupo-26/app/admin/reviews.rb": {
        "lines": [
          null,
          null,
          1,
          null,
          null,
          null,
          null,
          null,
          1,
          null,
          null,
          null,
          null,
          null,
          null,
          null,
          null,
          null
        ]
      },
      "/Users/MacBookPro/Desktop/IngSoftware/grupo-26/app/models/review.rb": {
        "lines": [
          null,
          null,
          1,
          1,
          null,
          1,
          1,
          null
        ]
      },
      "/Users/MacBookPro/Desktop/IngSoftware/grupo-26/app/admin/turnos.rb": {
        "lines": [
          null,
          null,
          1,
          null,
          null,
          null,
          null,
          null,
          1,
          null,
          null,
          null,
          null,
          null,
          null,
          null,
          null,
          null
        ]
      },
      "/Users/MacBookPro/Desktop/IngSoftware/grupo-26/app/models/turno.rb": {
        "lines": [
          null,
          null,
          1,
          1,
          1,
          1,
          null,
          1,
          1,
          null,
          1,
          null,
          null,
          1,
          null,
          1,
          null,
          1,
          0,
          null,
          null,
          1,
          41,
          null,
          null,
          1,
          0,
          null,
          null,
          1,
          0,
          0,
          0,
          null,
          null,
          1,
          6,
          6,
          0,
          0,
          null,
          6,
          null,
          null
        ]
      },
      "/Users/MacBookPro/Desktop/IngSoftware/grupo-26/app/admin/users.rb": {
        "lines": [
          null,
          null,
          1,
          null,
          null,
          null,
          null,
          null,
          1,
          null,
          null,
          null,
          null,
          null,
          null,
          null,
          null,
          null
        ]
      },
      "/Users/MacBookPro/Desktop/IngSoftware/grupo-26/app/models/user.rb": {
        "lines": [
          null,
          null,
          1,
          null,
          null,
          1,
          null,
          1,
          null,
          null,
          1,
          1,
          1,
          1,
          1,
          1,
          null,
          1,
          null,
          1,
          10,
          0,
          null,
          10,
          null,
          null,
          null,
          1,
          30,
          19,
          null,
          51,
          null,
          null,
          null
        ]
      },
      "/Users/MacBookPro/Desktop/IngSoftware/grupo-26/app/controllers/messages_controller.rb": {
        "lines": [
          null,
          null,
          1,
          1,
          1,
          null,
          null,
          1,
          1,
          1,
          1,
          null,
          null,
          1,
          1,
          1,
          1,
          1,
          null,
          null,
          1,
          1,
          null,
          null
        ]
      },
      "/Users/MacBookPro/Desktop/IngSoftware/grupo-26/app/controllers/requests_controller.rb": {
        "lines": [
          null,
          null,
          1,
          1,
          1,
          null,
          null,
          1,
          1,
          null,
          null,
          null,
          1,
          null,
          null,
          1,
          0,
          null,
          null,
          null,
          1,
          null,
          null,
          1,
          3,
          3,
          3,
          2,
          null,
          1,
          1,
          0,
          null,
          1,
          1,
          null,
          null,
          null,
          1,
          1,
          1,
          1,
          null,
          null,
          1,
          1,
          1,
          1,
          1,
          null,
          null,
          null,
          1,
          1,
          1,
          2,
          1,
          null,
          0,
          0,
          null,
          null,
          null,
          null,
          null,
          1,
          1,
          1,
          2,
          1,
          null,
          null,
          null,
          1,
          null,
          null,
          1,
          2,
          1,
          null,
          1,
          null,
          null,
          null,
          null,
          1,
          4,
          null,
          null
        ]
      },
      "/Users/MacBookPro/Desktop/IngSoftware/grupo-26/app/controllers/reviews_controller.rb": {
        "lines": [
          null,
          null,
          1,
          1,
          null,
          1,
          1,
          null,
          null,
          1,
          1,
          1,
          null,
          null,
          1,
          1,
          null,
          null,
          1,
          2,
          2,
          2,
          1,
          null,
          1,
          1,
          2,
          null,
          1,
          null,
          null,
          null,
          1,
          1,
          1,
          1,
          null,
          null
        ]
      },
      "/Users/MacBookPro/Desktop/IngSoftware/grupo-26/app/controllers/turnos_controller.rb": {
        "lines": [
          null,
          null,
          1,
          1,
          null,
          1,
          1,
          1,
          1,
          0,
          null,
          null,
          1,
          0,
          null,
          null,
          1,
          1,
          1,
          0,
          0,
          0,
          0,
          null,
          1,
          null,
          2,
          1,
          null,
          null,
          1,
          1,
          1,
          1,
          1,
          null,
          null,
          1,
          1,
          null,
          null,
          1,
          3,
          3,
          3,
          3,
          3,
          3,
          2,
          null,
          1,
          1,
          2,
          null,
          1,
          null,
          null,
          null,
          1,
          1,
          1,
          1,
          1,
          null,
          0,
          0,
          0,
          null,
          0,
          null,
          null,
          1,
          0,
          null,
          1,
          null,
          null,
          1,
          null,
          null,
          1,
          3,
          3,
          3,
          null,
          3,
          3,
          1,
          0,
          null,
          null,
          3,
          0,
          0,
          0,
          null,
          null,
          null,
          3,
          2,
          null,
          1,
          1,
          0,
          null,
          1,
          1,
          null,
          1,
          null,
          null,
          null,
          1,
          2,
          2,
          2,
          null,
          0,
          null,
          null,
          null,
          1,
          1,
          null,
          null
        ]
      },
      "/Users/MacBookPro/Desktop/IngSoftware/grupo-26/app/controllers/users/registrations_controller.rb": {
        "lines": [
          null,
          null,
          1,
          1,
          1,
          1,
          null,
          null,
          null,
          null,
          null,
          null,
          null,
          null,
          null,
          null,
          null,
          null,
          null,
          null,
          null,
          null,
          null,
          null,
          null,
          null,
          null,
          null,
          null,
          null,
          null,
          null,
          null,
          null,
          null,
          null,
          null,
          null,
          null,
          null,
          null,
          null,
          null,
          null,
          1,
          1,
          null,
          null,
          null,
          1,
          0,
          null,
          null,
          null,
          null,
          null,
          null,
          null,
          null,
          null,
          null,
          null,
          null,
          null
        ]
      },
      "/Users/MacBookPro/Desktop/IngSoftware/grupo-26/app/controllers/users_controller.rb": {
        "lines": [
          null,
          null,
          1,
          1,
          1,
          1,
          1,
          1,
          null,
          0,
          null,
          null,
          null,
          null,
          1,
          1,
          0,
          null,
          1,
          null,
          null,
          null
        ]
      },
      "/Users/MacBookPro/Desktop/IngSoftware/grupo-26/app/mailers/application_mailer.rb": {
        "lines": [
          null,
          null,
          0,
          0,
          0,
          0
        ],
        "branches": {
        }
      },
      "/Users/MacBookPro/Desktop/IngSoftware/grupo-26/app/jobs/application_job.rb": {
        "lines": [
          null,
          null,
          0,
          null,
          null,
          null,
          null,
          null,
          0
        ],
        "branches": {
        }
      },
      "/Users/MacBookPro/Desktop/IngSoftware/grupo-26/app/controllers/users/omniauth_callbacks_controller.rb": {
        "lines": [
          null,
          null,
          0,
          0,
          null,
          null,
          null,
          null,
          null,
          null,
          null,
          null,
          null,
          null,
          null,
          null,
          null,
          null,
          null,
          null,
          null,
          null,
          null,
          null,
          null,
          null,
          null,
          null,
          null,
          null,
          0,
          0
        ],
        "branches": {
        }
      },
      "/Users/MacBookPro/Desktop/IngSoftware/grupo-26/app/controllers/users/passwords_controller.rb": {
        "lines": [
          null,
          null,
          0,
          0,
          null,
          null,
          null,
          null,
          null,
          null,
          null,
          null,
          null,
          null,
          null,
          null,
          null,
          null,
          null,
          null,
          null,
          null,
          null,
          null,
          null,
          null,
          null,
          null,
          null,
          null,
          null,
          null,
          null,
          null,
          0,
          0
        ],
        "branches": {
        }
      },
      "/Users/MacBookPro/Desktop/IngSoftware/grupo-26/app/controllers/users/sessions_controller.rb": {
        "lines": [
          null,
          null,
          0,
          0,
          null,
          null,
          null,
          null,
          null,
          null,
          null,
          null,
          null,
          null,
          null,
          null,
          null,
          null,
          null,
          null,
          null,
          null,
          null,
          null,
          null,
          null,
          null,
          0,
          0
        ],
        "branches": {
        }
      },
      "/Users/MacBookPro/Desktop/IngSoftware/grupo-26/app/controllers/users/unlocks_controller.rb": {
        "lines": [
          null,
          null,
          0,
          0,
          null,
          null,
          null,
          null,
          null,
          null,
          null,
          null,
          null,
          null,
          null,
          null,
          null,
          null,
          null,
          null,
          null,
          null,
          null,
          null,
          null,
          null,
          null,
          null,
          null,
          null,
          0,
          0
        ],
        "branches": {
        }
      },
      "/Users/MacBookPro/Desktop/IngSoftware/grupo-26/app/controllers/users/confirmations_controller.rb": {
        "lines": [
          null,
          null,
          0,
          0,
          null,
          null,
          null,
          null,
          null,
          null,
          null,
          null,
          null,
          null,
          null,
          null,
          null,
          null,
          null,
          null,
          null,
          null,
          null,
          null,
          null,
          null,
          null,
          null,
          null,
          null,
          0,
          0
        ],
        "branches": {
        }
      },
      "/Users/MacBookPro/Desktop/IngSoftware/grupo-26/app/controllers/homes_controller.rb": {
        "lines": [
          null,
          null,
          0,
          0
        ],
        "branches": {
        }
      },
      "/Users/MacBookPro/Desktop/IngSoftware/grupo-26/app/channels/application_cable/connection.rb": {
        "lines": [
          null,
          null,
          0,
          0,
          0,
          0
        ],
        "branches": {
        }
      },
      "/Users/MacBookPro/Desktop/IngSoftware/grupo-26/app/channels/application_cable/channel.rb": {
        "lines": [
          null,
          null,
          0,
          0,
          0,
          0
        ],
        "branches": {
        }
      }
    },
    "timestamp": 1656085026
  }
}
